mode: set
github.com/fake-edge-server/handlers/api_handlers.go:23.78,28.2 1 0
github.com/fake-edge-server/handlers/api_handlers.go:31.51,34.16 2 0
github.com/fake-edge-server/handlers/api_handlers.go:34.16,37.3 2 0
github.com/fake-edge-server/handlers/api_handlers.go:39.2,55.25 7 0
github.com/fake-edge-server/handlers/api_handlers.go:55.25,57.3 1 0
github.com/fake-edge-server/handlers/api_handlers.go:60.2,61.22 2 0
github.com/fake-edge-server/handlers/api_handlers.go:61.22,63.3 1 0
github.com/fake-edge-server/handlers/api_handlers.go:66.2,67.16 2 0
github.com/fake-edge-server/handlers/api_handlers.go:67.16,70.3 2 0
github.com/fake-edge-server/handlers/api_handlers.go:72.2,72.35 1 0
github.com/fake-edge-server/handlers/api_handlers.go:76.50,79.25 3 0
github.com/fake-edge-server/handlers/api_handlers.go:79.25,82.3 2 0
github.com/fake-edge-server/handlers/api_handlers.go:84.2,84.33 1 0
github.com/fake-edge-server/handlers/api_handlers.go:88.53,92.25 4 0
github.com/fake-edge-server/handlers/api_handlers.go:92.25,95.3 2 0
github.com/fake-edge-server/handlers/api_handlers.go:97.2,97.32 1 0
github.com/fake-edge-server/handlers/api_handlers.go:101.56,104.25 3 0
github.com/fake-edge-server/handlers/api_handlers.go:104.25,107.3 2 0
github.com/fake-edge-server/handlers/api_handlers.go:109.2,109.36 1 0
github.com/fake-edge-server/handlers/api_handlers.go:113.48,118.2 1 0
github.com/fake-edge-server/handlers/tcp_packet_handler.go:22.57,26.2 1 0
github.com/fake-edge-server/handlers/tcp_packet_handler.go:29.60,33.50 3 0
github.com/fake-edge-server/handlers/tcp_packet_handler.go:33.50,36.3 2 0
github.com/fake-edge-server/handlers/tcp_packet_handler.go:39.2,40.16 2 0
github.com/fake-edge-server/handlers/tcp_packet_handler.go:40.16,43.3 2 0
github.com/fake-edge-server/handlers/tcp_packet_handler.go:44.2,47.25 3 0
github.com/fake-edge-server/handlers/tcp_packet_handler.go:47.25,50.3 2 0
github.com/fake-edge-server/handlers/tcp_packet_handler.go:53.2,55.43 3 0
github.com/fake-edge-server/handlers/tcp_packet_handler.go:59.58,64.25 4 0
github.com/fake-edge-server/handlers/tcp_packet_handler.go:64.25,67.3 2 0
github.com/fake-edge-server/handlers/tcp_packet_handler.go:69.2,69.32 1 0
github.com/fake-edge-server/handlers/tcp_packet_handler.go:73.61,78.25 4 0
github.com/fake-edge-server/handlers/tcp_packet_handler.go:78.25,81.3 2 0
github.com/fake-edge-server/handlers/tcp_packet_handler.go:83.2,83.31 1 0
github.com/fake-edge-server/handlers/tcp_packet_handler.go:87.60,92.25 4 0
github.com/fake-edge-server/handlers/tcp_packet_handler.go:92.25,95.3 2 0
github.com/fake-edge-server/handlers/tcp_packet_handler.go:97.2,98.57 2 0
github.com/fake-edge-server/handlers/tcp_packet_handler.go:98.57,101.3 2 0
github.com/fake-edge-server/handlers/tcp_packet_handler.go:104.2,108.25 4 0
github.com/fake-edge-server/handlers/tcp_packet_handler.go:108.25,111.3 2 0
github.com/fake-edge-server/handlers/tcp_packet_handler.go:113.2,113.31 1 0
github.com/fake-edge-server/handlers/tcp_packet_handler.go:117.60,122.25 4 0
github.com/fake-edge-server/handlers/tcp_packet_handler.go:122.25,125.3 2 0
github.com/fake-edge-server/handlers/tcp_packet_handler.go:127.2,128.25 2 0
github.com/fake-edge-server/handlers/tcp_packet_handler.go:128.25,131.3 2 0
github.com/fake-edge-server/handlers/tcp_packet_handler.go:133.2,133.92 1 0
github.com/fake-edge-server/handlers/tcp_packet_handler.go:137.58,144.25 5 0
github.com/fake-edge-server/handlers/tcp_packet_handler.go:144.25,147.3 2 0
github.com/fake-edge-server/handlers/tcp_packet_handler.go:150.2,152.25 3 0
github.com/fake-edge-server/handlers/tcp_packet_handler.go:152.25,155.3 2 0
github.com/fake-edge-server/handlers/tcp_packet_handler.go:158.2,163.16 4 0
github.com/fake-edge-server/handlers/tcp_packet_handler.go:163.16,166.3 2 0
github.com/fake-edge-server/handlers/tcp_packet_handler.go:167.2,171.16 3 0
github.com/fake-edge-server/handlers/tcp_packet_handler.go:171.16,174.3 2 0
github.com/fake-edge-server/handlers/tcp_packet_handler.go:177.2,179.16 3 0
github.com/fake-edge-server/handlers/tcp_packet_handler.go:179.16,182.3 2 0
github.com/fake-edge-server/handlers/tcp_packet_handler.go:185.2,190.4 2 0
github.com/fake-edge-server/handlers/tcp_packet_handler.go:194.55,197.28 2 0
github.com/fake-edge-server/handlers/tcp_packet_handler.go:197.28,198.30 1 0
github.com/fake-edge-server/handlers/tcp_packet_handler.go:198.30,200.4 1 0
github.com/fake-edge-server/handlers/tcp_packet_handler.go:204.2,207.28 2 0
github.com/fake-edge-server/handlers/tcp_packet_handler.go:207.28,209.3 1 0
github.com/fake-edge-server/handlers/tcp_packet_handler.go:211.2,211.15 1 0
github.com/fake-edge-server/handlers/tcp_packet_handler.go:215.82,218.18 2 0
github.com/fake-edge-server/handlers/tcp_packet_handler.go:219.23,222.35 3 0
github.com/fake-edge-server/handlers/tcp_packet_handler.go:224.24,227.35 3 0
github.com/fake-edge-server/handlers/tcp_packet_handler.go:229.24,232.35 3 0
github.com/fake-edge-server/handlers/tcp_packet_handler.go:234.24,237.39 3 0
github.com/fake-edge-server/handlers/tcp_packet_handler.go:239.24,242.48 3 0
github.com/fake-edge-server/handlers/tcp_packet_handler.go:244.25,247.48 3 0
github.com/fake-edge-server/handlers/tcp_packet_handler.go:249.25,252.48 3 0
github.com/fake-edge-server/handlers/tcp_packet_handler.go:254.25,257.40 3 0
github.com/fake-edge-server/handlers/tcp_packet_handler.go:259.26,262.35 3 0
github.com/fake-edge-server/handlers/tcp_packet_handler.go:264.26,267.35 3 0
github.com/fake-edge-server/handlers/tcp_packet_handler.go:269.25,270.29 1 0
github.com/fake-edge-server/handlers/tcp_packet_handler.go:272.22,273.41 1 0
github.com/fake-edge-server/handlers/tcp_packet_handler.go:275.10,276.78 1 0
github.com/fake-edge-server/handlers/tcp_server_handlers.go:16.57,20.2 1 0
github.com/fake-edge-server/handlers/tcp_server_handlers.go:23.60,25.47 2 0
github.com/fake-edge-server/handlers/tcp_server_handlers.go:25.47,28.3 2 0
github.com/fake-edge-server/handlers/tcp_server_handlers.go:31.2,33.29 3 0
github.com/fake-edge-server/handlers/tcp_server_handlers.go:33.29,36.3 2 0
github.com/fake-edge-server/handlers/tcp_server_handlers.go:39.2,46.25 3 0
github.com/fake-edge-server/handlers/tcp_server_handlers.go:46.25,49.3 2 0
github.com/fake-edge-server/handlers/tcp_server_handlers.go:51.2,51.39 1 0
github.com/fake-edge-server/handlers/tcp_server_handlers.go:55.58,58.25 3 0
github.com/fake-edge-server/handlers/tcp_server_handlers.go:58.25,61.3 2 0
github.com/fake-edge-server/handlers/tcp_server_handlers.go:63.2,63.32 1 0
github.com/fake-edge-server/handlers/tcp_server_handlers.go:67.61,71.25 4 0
github.com/fake-edge-server/handlers/tcp_server_handlers.go:71.25,74.3 2 0
github.com/fake-edge-server/handlers/tcp_server_handlers.go:76.2,76.31 1 0
github.com/fake-edge-server/handlers/tcp_server_handlers.go:80.60,86.25 4 0
github.com/fake-edge-server/handlers/tcp_server_handlers.go:86.25,89.3 2 0
github.com/fake-edge-server/handlers/tcp_server_handlers.go:91.2,92.47 2 0
github.com/fake-edge-server/handlers/tcp_server_handlers.go:92.47,95.3 2 0
github.com/fake-edge-server/handlers/tcp_server_handlers.go:98.2,98.29 1 0
github.com/fake-edge-server/handlers/tcp_server_handlers.go:98.29,101.30 3 0
github.com/fake-edge-server/handlers/tcp_server_handlers.go:101.30,104.4 2 0
github.com/fake-edge-server/handlers/tcp_server_handlers.go:108.2,113.25 5 0
github.com/fake-edge-server/handlers/tcp_server_handlers.go:113.25,116.3 2 0
github.com/fake-edge-server/handlers/tcp_server_handlers.go:118.2,118.31 1 0
github.com/fake-edge-server/handlers/tcp_server_handlers.go:122.60,128.25 4 0
github.com/fake-edge-server/handlers/tcp_server_handlers.go:128.25,131.3 2 0
github.com/fake-edge-server/handlers/tcp_server_handlers.go:134.2,135.25 2 0
github.com/fake-edge-server/handlers/tcp_server_handlers.go:135.25,138.3 2 0
github.com/fake-edge-server/handlers/tcp_server_handlers.go:140.2,140.96 1 0
github.com/fake-edge-server/handlers/tcp_status_handlers.go:14.59,20.25 4 0
github.com/fake-edge-server/handlers/tcp_status_handlers.go:20.25,23.3 2 0
github.com/fake-edge-server/handlers/tcp_status_handlers.go:26.2,30.16 4 0
github.com/fake-edge-server/handlers/tcp_status_handlers.go:30.16,33.3 2 0
github.com/fake-edge-server/handlers/tcp_status_handlers.go:35.2,39.4 1 0
github.com/fake-edge-server/handlers/tcp_status_handlers.go:43.59,49.25 4 0
github.com/fake-edge-server/handlers/tcp_status_handlers.go:49.25,52.3 2 0
github.com/fake-edge-server/handlers/tcp_status_handlers.go:57.2,62.4 1 0
github.com/fake-edge-server/handlers/tcp_status_handlers.go:66.58,72.25 4 0
github.com/fake-edge-server/handlers/tcp_status_handlers.go:72.25,75.3 2 0
github.com/fake-edge-server/handlers/tcp_status_handlers.go:80.2,85.4 1 0
github.com/fake-edge-server/handlers/tcp_status_handlers.go:89.59,95.25 4 0
github.com/fake-edge-server/handlers/tcp_status_handlers.go:95.25,98.3 2 0
github.com/fake-edge-server/handlers/tcp_status_handlers.go:102.2,102.34 1 0
github.com/fake-edge-server/handlers/tcp_status_handlers.go:106.55,112.25 4 0
github.com/fake-edge-server/handlers/tcp_status_handlers.go:112.25,115.3 2 0
github.com/fake-edge-server/handlers/tcp_status_handlers.go:119.2,119.34 1 0
github.com/fake-edge-server/routes/routes.go:11.46,21.2 5 0
github.com/fake-edge-server/routes/routes.go:21.2,49.3 16 0
github.com/fake-edge-server/routes/routes.go:52.2,55.33 2 0
github.com/fake-edge-server/routes/routes.go:55.33,57.3 1 0
github.com/fake-edge-server/main.go:12.13,18.16 3 0
github.com/fake-edge-server/main.go:18.16,20.3 1 0
github.com/fake-edge-server/main.go:23.2,26.29 2 0
github.com/fake-edge-server/main.go:26.29,32.36 5 0
github.com/fake-edge-server/main.go:32.36,35.4 2 0
github.com/fake-edge-server/main.go:37.3,37.11 1 0
github.com/fake-edge-server/main.go:41.2,46.42 4 0
github.com/fake-edge-server/main.go:46.42,48.3 1 0
github.com/fake-edge-server/models/tcp_packet.go:43.52,44.15 1 0
github.com/fake-edge-server/models/tcp_packet.go:44.15,46.3 1 0
github.com/fake-edge-server/models/tcp_packet.go:47.2,47.25 1 0
github.com/fake-edge-server/models/tcp_packet.go:51.53,53.27 2 0
github.com/fake-edge-server/models/tcp_packet.go:54.14,55.12 1 0
github.com/fake-edge-server/models/tcp_packet.go:56.14,57.20 1 0
github.com/fake-edge-server/models/tcp_packet.go:58.10,59.64 1 0
github.com/fake-edge-server/models/tcp_packet.go:62.2,62.21 1 0
github.com/fake-edge-server/models/tcp_packet.go:62.21,65.3 2 0
github.com/fake-edge-server/models/tcp_packet.go:67.2,67.34 1 0
github.com/fake-edge-server/database/db.go:11.33,14.16 3 0
github.com/fake-edge-server/database/db.go:14.16,16.3 1 0
github.com/fake-edge-server/database/db.go:19.2,25.16 2 0
github.com/fake-edge-server/database/db.go:25.16,27.3 1 0
github.com/fake-edge-server/database/db.go:29.2,29.16 1 0
github.com/fake-edge-server/config/config.go:26.19,27.23 1 0
github.com/fake-edge-server/config/config.go:27.23,46.59 2 0
github.com/fake-edge-server/config/config.go:46.59,49.18 2 0
github.com/fake-edge-server/config/config.go:49.18,51.5 1 0
github.com/fake-edge-server/config/config.go:53.4,54.18 2 0
github.com/fake-edge-server/config/config.go:54.18,56.5 1 0
github.com/fake-edge-server/config/config.go:57.4,57.80 1 0
github.com/fake-edge-server/config/config.go:58.9,61.18 2 0
github.com/fake-edge-server/config/config.go:61.18,63.5 1 0
github.com/fake-edge-server/config/config.go:65.4,66.18 2 0
github.com/fake-edge-server/config/config.go:66.18,68.5 1 0
github.com/fake-edge-server/config/config.go:69.4,69.66 1 0
github.com/fake-edge-server/config/config.go:75.26,76.19 1 0
github.com/fake-edge-server/config/config.go:76.19,78.3 1 0
github.com/fake-edge-server/config/config.go:79.2,79.15 1 0
github.com/fake-edge-server/services/tcp_service.go:21.45,25.2 1 0
github.com/fake-edge-server/services/tcp_service.go:28.91,34.55 4 0
github.com/fake-edge-server/services/tcp_service.go:34.55,35.32 1 0
github.com/fake-edge-server/services/tcp_service.go:35.32,39.9 4 0
github.com/fake-edge-server/services/tcp_service.go:43.2,43.18 1 0
github.com/fake-edge-server/services/tcp_service.go:43.18,45.3 1 0
github.com/fake-edge-server/services/tcp_service.go:48.2,49.16 2 0
github.com/fake-edge-server/services/tcp_service.go:49.16,62.3 3 0
github.com/fake-edge-server/services/tcp_service.go:63.2,67.16 3 0
github.com/fake-edge-server/services/tcp_service.go:67.16,80.3 3 0
github.com/fake-edge-server/services/tcp_service.go:83.2,86.33 4 0
github.com/fake-edge-server/services/tcp_service.go:86.33,99.3 3 0
github.com/fake-edge-server/services/tcp_service.go:101.2,114.25 4 0
